<?xml version="1.0" encoding="UTF-8"?>
<!-- Generated by org.testng.reporters.JUnitXMLReporter -->
<testsuite hostname="DESKTOP-92IFQQ8" ignored="2" name="Default test" tests="1" failures="0" timestamp="2021-07-18T20:35:19 IST" time="46.129" errors="0">
  <testcase name="readNameOfEmailSenderTest" time="7.21" classname="com.gmail.qa.testcases.HomePageTest"/>
  <testcase name="readNumberOfEmailTest" time="0.0" classname="com.gmail.qa.testcases.HomePageTest">
    <ignored/>
  </testcase> <!-- readNumberOfEmailTest -->
  <testcase name="sendEmailTest" time="0.0" classname="com.gmail.qa.testcases.HomePageTest">
    <ignored/>
  </testcase> <!-- sendEmailTest -->
</testsuite> <!-- Default test -->
