<?xml version="1.0" encoding="UTF-8"?>
<!-- Generated by org.testng.reporters.JUnitXMLReporter -->
<testsuite hostname="DESKTOP-92IFQQ8" ignored="1" name="GmailTest" tests="2" failures="0" timestamp="2021-07-18T19:38:17 IST" time="66.114" errors="0">
  <testcase name="readNumberOfEmailTest" time="10.778" classname="com.gmail.qa.testcases.HomePageTest"/>
  <testcase name="readNameOfEmailSenderTest" time="6.623" classname="com.gmail.qa.testcases.HomePageTest"/>
  <testcase name="sendEmailTest" time="0.0" classname="com.gmail.qa.testcases.HomePageTest">
    <ignored/>
  </testcase> <!-- sendEmailTest -->
</testsuite> <!-- GmailTest -->
