<?xml version="1.0" encoding="UTF-8"?>
<!-- Generated by org.testng.reporters.JUnitXMLReporter -->
<testsuite hostname="DESKTOP-92IFQQ8" ignored="0" name="GmailTest" tests="3" failures="0" timestamp="2021-07-18T21:11:04 IST" time="100.321" errors="0">
  <testcase name="readNumberOfEmailTest" time="6.863" classname="com.gmail.qa.testcases.HomePageTest"/>
  <testcase name="readNameOfEmailSenderTest" time="6.835" classname="com.gmail.qa.testcases.HomePageTest"/>
  <testcase name="sendEmailTest" time="16.462" classname="com.gmail.qa.testcases.HomePageTest"/>
</testsuite> <!-- GmailTest -->
