<?xml version="1.0" encoding="UTF-8"?>
<!-- Generated by org.testng.reporters.JUnitXMLReporter -->
<testsuite hostname="DESKTOP-92IFQQ8" ignored="0" name="Test" tests="9" failures="0" timestamp="2021-07-17T16:55:16 IST" time="168.584" errors="0">
  <testcase name="contactsPageLabelTest" time="0.145" classname="com.crm.qa.testcases.ContactsPageTest"/>
  <testcase name="homePageTitleTest" time="0.016" classname="com.crm.qa.testcases.HomePageTest"/>
  <testcase name="loginPageTitleTest" time="0.066" classname="com.crm.qa.testcases.LoginPageTest"/>
  <testcase name="crmLogoImageTest" time="0.189" classname="com.crm.qa.testcases.LoginPageTest"/>
  <testcase name="selectSingleContactsTest" time="2.318" classname="com.crm.qa.testcases.ContactsPageTest"/>
  <testcase name="userNameTest" time="0.187" classname="com.crm.qa.testcases.HomePageTest"/>
  <testcase name="contactsPageLinkTest" time="2.388" classname="com.crm.qa.testcases.HomePageTest"/>
  <testcase name="loginTest" time="8.405" classname="com.crm.qa.testcases.LoginPageTest"/>
  <testcase name="selectMultipleContactsTest" time="2.45" classname="com.crm.qa.testcases.ContactsPageTest"/>
</testsuite> <!-- Test -->
