<?xml version="1.0" encoding="UTF-8"?>
<testng-results skipped="0" failed="0" ignored="2" total="3" passed="1">
  <reporter-output>
  </reporter-output>
  <suite name="Default suite" duration-ms="46129" started-at="2021-07-18T20:34:33 IST" finished-at="2021-07-18T20:35:19 IST">
    <groups>
    </groups>
    <test name="Default test" duration-ms="46129" started-at="2021-07-18T20:34:33 IST" finished-at="2021-07-18T20:35:19 IST">
      <class name="com.gmail.qa.testcases.HomePageTest">
        <test-method status="PASS" signature="Setup()[pri:0, instance:com.gmail.qa.testcases.HomePageTest@528931cf]" name="Setup" is-config="true" duration-ms="28860" started-at="2021-07-18T20:34:33 IST" finished-at="2021-07-18T20:35:02 IST">
          <reporter-output>
          </reporter-output>
        </test-method> <!-- Setup -->
        <test-method status="PASS" signature="readNameOfEmailSenderTest()[pri:1, instance:com.gmail.qa.testcases.HomePageTest@528931cf]" name="readNameOfEmailSenderTest" duration-ms="7210" started-at="2021-07-18T20:35:02 IST" finished-at="2021-07-18T20:35:09 IST">
          <reporter-output>
          </reporter-output>
        </test-method> <!-- readNameOfEmailSenderTest -->
        <test-method status="PASS" signature="tearDown()[pri:0, instance:com.gmail.qa.testcases.HomePageTest@528931cf]" name="tearDown" is-config="true" duration-ms="9980" started-at="2021-07-18T20:35:09 IST" finished-at="2021-07-18T20:35:19 IST">
          <reporter-output>
          </reporter-output>
        </test-method> <!-- tearDown -->
      </class> <!-- com.gmail.qa.testcases.HomePageTest -->
    </test> <!-- Default test -->
  </suite> <!-- Default suite -->
</testng-results>
